
**** Build of configuration Debug for project Arduino ****

make all 
Building file: ../EEPROM.cpp
Invoking: AVR C++ Compiler
avr-g++ -I"C:\Users\ehaskins\Code Local\Onboard\Arduino" -Wall -Os -fpack-struct -fshort-enums -ffunction-sections -fdata-sections -Wl,--gc-sections -funsigned-char -funsigned-bitfields -fno-exceptions -mmcu=atmega2560 -DF_CPU=16000000UL -MMD -MP -MF"EEPROM.d" -MT"EEPROM.d" -c -o"EEPROM.o" "../EEPROM.cpp"
Finished building: ../EEPROM.cpp
 
Building target: libArduino.a
Invoking: AVR Archiver
avr-ar -r "libArduino.a"  ./Client.o ./EEPROM.o ./Ethernet.o ./HardwareSerial.o ./Print.o ./SPI.o ./Server.o ./Tone.o ./Udp.o ./WInterrupts.o ./WMath.o ./WString.o ./pins_arduino.o ./socket.o ./w5100.o ./wiring.o ./wiring_analog.o ./wiring_digital.o ./wiring_pulse.o ./wiring_shift.o  
c:\WinAVR-20081205\bin\avr-ar.exe: creating libArduino.a
Finished building target: libArduino.a
 
Invoking: AVR Create Extended Listing
avr-objdump -h -S libArduino.a  >"libArduino.lss"
Finished building: libArduino.lss
 
Invoking: Print Size
avr-size --format=avr --mcu=atmega2560 libArduino.a
AVR Memory Usage
----------------
Device: atmega2560

Program:       0 bytes (0.0% Full)
(.text + .data + .bootloader)

Data:          0 bytes (0.0% Full)
(.data + .bss + .noinit)


AVR Memory Usage
----------------
Device: atmega2560

Program:       0 bytes (0.0% Full)
(.text + .data + .bootloader)

Data:          0 bytes (0.0% Full)
(.data + .bss + .noinit)


AVR Memory Usage
----------------
Device: atmega2560

Program:       0 bytes (0.0% Full)
(.text + .data + .bootloader)

Data:          0 bytes (0.0% Full)
(.data + .bss + .noinit)


AVR Memory Usage
----------------
Device: atmega2560

Program:       0 bytes (0.0% Full)
(.text + .data + .bootloader)

Data:          0 bytes (0.0% Full)
(.data + .bss + .noinit)


AVR Memory Usage
----------------
Device: atmega2560

Program:       2 bytes (0.0% Full)
(.text + .data + .bootloader)

Data:          2 bytes (0.0% Full)
(.data + .bss + .noinit)


AVR Memory Usage
----------------
Device: atmega2560

Program:       0 bytes (0.0% Full)
(.text + .data + .bootloader)

Data:          0 bytes (0.0% Full)
(.data + .bss + .noinit)


AVR Memory Usage
----------------
Device: atmega2560

Program:       0 bytes (0.0% Full)
(.text + .data + .bootloader)

Data:          0 bytes (0.0% Full)
(.data + .bss + .noinit)


AVR Memory Usage
----------------
Device: atmega2560

Program:       0 bytes (0.0% Full)
(.text + .data + .bootloader)

Data:          0 bytes (0.0% Full)
(.data + .bss + .noinit)


AVR Memory Usage
----------------
Device: atmega2560

Program:       0 bytes (0.0% Full)
(.text + .data + .bootloader)

Data:          0 bytes (0.0% Full)
(.data + .bss + .noinit)


AVR Memory Usage
----------------
Device: atmega2560

Program:    1120 bytes (0.4% Full)
(.text + .data + .bootloader)

Data:         16 bytes (0.2% Full)
(.data + .bss + .noinit)


AVR Memory Usage
----------------
Device: atmega2560

Program:       0 bytes (0.0% Full)
(.text + .data + .bootloader)

Data:          0 bytes (0.0% Full)
(.data + .bss + .noinit)


AVR Memory Usage
----------------
Device: atmega2560

Program:       1 bytes (0.0% Full)
(.text + .data + .bootloader)

Data:          1 bytes (0.0% Full)
(.data + .bss + .noinit)


AVR Memory Usage
----------------
Device: atmega2560

Program:       0 bytes (0.0% Full)
(.text + .data + .bootloader)

Data:          0 bytes (0.0% Full)
(.data + .bss + .noinit)


AVR Memory Usage
----------------
Device: atmega2560

Program:       0 bytes (0.0% Full)
(.text + .data + .bootloader)

Data:          0 bytes (0.0% Full)
(.data + .bss + .noinit)


AVR Memory Usage
----------------
Device: atmega2560

Program:       0 bytes (0.0% Full)
(.text + .data + .bootloader)

Data:          0 bytes (0.0% Full)
(.data + .bss + .noinit)


AVR Memory Usage
----------------
Device: atmega2560

Program:     642 bytes (0.2% Full)
(.text + .data + .bootloader)

Data:          9 bytes (0.1% Full)
(.data + .bss + .noinit)


AVR Memory Usage
----------------
Device: atmega2560

Program:     549 bytes (0.2% Full)
(.text + .data + .bootloader)

Data:          1 bytes (0.0% Full)
(.data + .bss + .noinit)


AVR Memory Usage
----------------
Device: atmega2560

Program:     508 bytes (0.2% Full)
(.text + .data + .bootloader)

Data:          0 bytes (0.0% Full)
(.data + .bss + .noinit)


AVR Memory Usage
----------------
Device: atmega2560

Program:     314 bytes (0.1% Full)
(.text + .data + .bootloader)

Data:          0 bytes (0.0% Full)
(.data + .bss + .noinit)


AVR Memory Usage
----------------
Device: atmega2560

Program:     260 bytes (0.1% Full)
(.text + .data + .bootloader)

Data:          0 bytes (0.0% Full)
(.data + .bss + .noinit)


Finished building: sizedummy
 
