
**** Build of configuration Debug for project RobotTemplate ****

make all 
Building file: ../Main.cpp
Invoking: AVR C++ Compiler
avr-g++ -I"C:\Users\ehaskins.EHNET\workspace\Arduino" -Wall -Os -fpack-struct -fshort-enums -funsigned-char -funsigned-bitfields -fno-exceptions -mmcu=atmega2560 -DF_CPU=16000000UL -MMD -MP -MF"Main.d" -MT"Main.d" -c -o"Main.o" "../Main.cpp"
Finished building: ../Main.cpp
 
Building target: RobotTemplate.elf
Invoking: AVR C++ Linker
avr-g++ --cref -s -Os -o"RobotTemplate.elf"  ./Main.o ./Missing.o   -lArduino -lm -Wl,-Map,RobotTemplate.map,--cref -ffunction-sections -fdata-sections -Wl,--gc-sections -L"C:\Users\ehaskins.EHNET\workspace\Arduino\Debug" -mmcu=atmega2560
Finished building target: RobotTemplate.elf
 
Invoking: AVR Create Extended Listing
avr-objdump -h -S RobotTemplate.elf  >"RobotTemplate.lss"
Finished building: RobotTemplate.lss
 
Create Flash image (ihex format)
avr-objcopy -R .eeprom -O ihex RobotTemplate.elf  "RobotTemplate.hex"
Finished building: RobotTemplate.hex
 
Invoking: Print Size
avr-size --format=avr --mcu=atmega2560 RobotTemplate.elf
AVR Memory Usage
----------------
Device: atmega2560

Program:    4286 bytes (1.6% Full)
(.text + .data + .bootloader)

Data:        721 bytes (8.8% Full)
(.data + .bss + .noinit)


Finished building: sizedummy
 
